<?xml version="1.0" encoding="UTF-8"?>
<!-- Generated by org.testng.reporters.JUnitReportReporter -->
<testsuite name="com.course.cases.GetUserInfoListTest" tests="1" time="0.000" ignored="0" failures="0" timestamp="19 六月 2021 02:13:31 GMT" skipped="1" hostname="LAPTOP-S85IKV2E" errors="0">
  <testcase name="getUserListInfo" time="0.000" classname="com.course.cases.GetUserInfoListTest">
    <skipped/>
  </testcase> <!-- getUserListInfo -->
</testsuite> <!-- com.course.cases.GetUserInfoListTest -->
